<?xml version="1.0" encoding="UTF-8"?>
<!-- Generated by org.testng.reporters.JUnitReportReporter -->
<testsuite hostname="LAPTOP-DP86A288" failures="0" tests="1" name="com.crm.qa.testdata.VerifyTitle" time="25.156" errors="0" timestamp="22 Nov 2020 13:26:55 GMT" skipped="0">
  <testcase classname="com.crm.qa.testdata.VerifyTitle" name="VerifyPageTitle" time="25.156"/>
</testsuite> <!-- com.crm.qa.testdata.VerifyTitle -->
