<?xml version="1.0" encoding="UTF-8"?>
<!-- Generated by org.testng.reporters.JUnitReportReporter -->
<testsuite hostname="LAPTOP-DP86A288" failures="0" tests="1" name="com.crm.qa.tests.AmazonTest" time="19.128" errors="0" timestamp="23 Nov 2020 13:52:54 GMT" skipped="0">
  <testcase classname="com.crm.qa.tests.AmazonTest" name="verifyTitle" time="19.128"/>
</testsuite> <!-- com.crm.qa.tests.AmazonTest -->
