<?xml version="1.0" encoding="UTF-8"?>
<!-- Generated by org.testng.reporters.JUnitReportReporter -->
<testsuite hostname="LAPTOP-DP86A288" failures="0" tests="1" name="com.crm.qa.testdata.LoginPageTest" time="10.067" errors="0" timestamp="22 Nov 2020 13:46:47 GMT" skipped="0">
  <testcase classname="com.crm.qa.testdata.LoginPageTest" name="LoginPageTitleTest" time="10.067"/>
</testsuite> <!-- com.crm.qa.testdata.LoginPageTest -->
